<?xml version="1.0" encoding="UTF-8"?>
<!-- Generated by org.testng.reporters.JUnitReportReporter -->
<testsuite hostname="BikashNath" failures="0" tests="3" name="TestRunner.TestRun" time="30.717" errors="0" timestamp="2023-09-30T23:47:31 IST" skipped="0">
  <testcase classname="TestRunner.TestRun" name="runScenario" time="8.404"/>
  <system-out/>
  <testcase classname="TestRunner.TestRun" name="runScenario" time="14.481"/>
  <system-out/>
  <testcase classname="TestRunner.TestRun" name="runScenario" time="7.832"/>
  <system-out/>
</testsuite> <!-- TestRunner.TestRun -->
